#
# A fatal error has been detected by the Java Runtime Environment:
#
#  EXCEPTION_ACCESS_VIOLATION (0xc0000005) at pc=0x000000009a115fd0, pid=14012, tid=0x0000000000000ec4
#
# JRE version: OpenJDK Runtime Environment (8.0_152-b02) (build 1.8.0_152-release-1024-b02)
# Java VM: OpenJDK 64-Bit Server VM (25.152-b02 mixed mode windows-amd64 compressed oops)
# Problematic frame:
# C  0x000000009a115fd0
#
# Failed to write core dump. Minidumps are not enabled by default on client versions of Windows
#
# If you would like to submit a bug report, please visit:
#   http://bugreport.java.com/bugreport/crash.jsp
#

---------------  T H R E A D  ---------------

Current thread (0x000000001d70b000):  JavaThread "Daemon worker Thread 13" [_thread_in_Java, id=3780, stack(0x00000000741c0000,0x00000000742c0000)]

siginfo: ExceptionCode=0xc0000005, ExceptionInformation=0x0000000000000008 0x000000009a115fd0

Registers:
RAX=0x000000001f6c0308, RBX=0x000000001f6c0308, RCX=0x00000000ee8f57e0, RDX=0x00000000ee8f57e0
RSP=0x00000000742bcdd8, RBP=0x00000000742bce40, RSI=0x00000000117b0000, RDI=0x0000000000001320
R8 =0x00000000ee8f56e8, R9 =0x0000000000000520, R10=0x000000005c02b630, R11=0x000000009a115fd0
R12=0x0000000000000000, R13=0x00000000742bcdf0, R14=0x00000000742bcea0, R15=0x000000001d70b000
RIP=0x000000009a115fd0, EFLAGS=0x0000000000010202

Top of Stack: (sp=0x00000000742bcdd8)
0x00000000742bcdd8:   00000000028f78b5 00000000742bcdf8
0x00000000742bcde8:   00000000028f78b5 00000000ee8f56e8
0x00000000742bcdf8:   00000000ee8f57e0 00000000742bce00
0x00000000742bce08:   0000000021a0cd09 00000000742bcea0
0x00000000742bce18:   0000000021a0d330 0000000000000000
0x00000000742bce28:   0000000021a0cee8 00000000742bcdf0
0x00000000742bce38:   00000000742bce90 00000000742bcee8
0x00000000742bce48:   00000000028f7e20 0000000000000000
0x00000000742bce58:   0000000000000000 0000000000000000
0x00000000742bce68:   0000000000000000 0000000000000000
0x00000000742bce78:   0000000000000000 0000000000000000
0x00000000742bce88:   0000000000000000 00000000ee8f57e0
0x00000000742bce98:   00000000ee8f56e8 00000000ee8f5748
0x00000000742bcea8:   00000000742bcea8 0000000021a0cc18
0x00000000742bceb8:   00000000742bcf10 0000000021a0d330
0x00000000742bcec8:   0000000000000000 0000000021a0cc68 

Instructions: (pc=0x000000009a115fd0)
0x000000009a115fb0:   
[error occurred during error reporting (printing registers, top of stack, instructions near pc), id 0xc0000005]

Register to memory mapping:

RAX={method} {0x000000001f6c0310} 'contains' '(Ljava/lang/Object;)Z' in 'java/util/TreeMap$KeySet'
RBX={method} {0x000000001f6c0310} 'contains' '(Ljava/lang/Object;)Z' in 'java/util/TreeMap$KeySet'
RCX=0x00000000ee8f57e0 is an oop
java.util.TreeMap$KeySet 
 - klass: 'java/util/TreeMap$KeySet'
RDX=0x00000000ee8f57e0 is an oop
java.util.TreeMap$KeySet 
 - klass: 'java/util/TreeMap$KeySet'
RSP=0x00000000742bcdd8 is pointing into the stack for thread: 0x000000001d70b000
RBP=0x00000000742bce40 is pointing into the stack for thread: 0x000000001d70b000
RSI=0x00000000117b0000 is an unknown value
RDI=0x0000000000001320 is an unknown value
R8 =0x00000000ee8f56e8 is an oop
java.lang.String 
 - klass: 'java/lang/String'
R9 =0x0000000000000520 is an unknown value
R10=0x000000005c02b630 is an unknown value
R11=0x000000009a115fd0 is an unknown value
R12=0x0000000000000000 is an unknown value
R13=0x00000000742bcdf0 is pointing into the stack for thread: 0x000000001d70b000
R14=0x00000000742bcea0 is pointing into the stack for thread: 0x000000001d70b000
R15=0x000000001d70b000 is a thread


Stack: [0x00000000741c0000,0x00000000742c0000],  sp=0x00000000742bcdd8,  free space=1011k
Native frames: (J=compiled Java code, j=interpreted, Vv=VM code, C=native code)
C  0x000000009a115fd0


---------------  P R O C E S S  ---------------

Java Threads: ( => current thread )
  0x000000001bf56000 JavaThread "build operations Thread 4" [_thread_blocked, id=13172, stack(0x00000000749c0000,0x0000000074ac0000)]
  0x000000001bf51800 JavaThread "build operations Thread 3" [_thread_blocked, id=14948, stack(0x00000000748c0000,0x00000000749c0000)]
  0x000000001bf51000 JavaThread "build operations Thread 2" [_thread_blocked, id=15352, stack(0x00000000747c0000,0x00000000748c0000)]
  0x000000001bf57800 JavaThread "build operations" [_thread_blocked, id=18364, stack(0x00000000746c0000,0x00000000747c0000)]
  0x000000001bf55800 JavaThread "Cache worker for Artifact transforms cache (C:\Users\Admin\.gradle\caches\transforms-1)" [_thread_blocked, id=13068, stack(0x00000000745c0000,0x00000000746c0000)]
  0x000000001bf54800 JavaThread "Cache worker for file hash cache (D:\SWD391\Project_SWD_ManagerFootField\.gradle\4.4\fileHashes)" [_thread_blocked, id=3080, stack(0x00000000744c0000,0x00000000745c0000)]
  0x000000001d70d800 JavaThread "Stdin handler" [_thread_blocked, id=1284, stack(0x00000000743c0000,0x00000000744c0000)]
  0x000000001d70e800 JavaThread "Asynchronous log dispatcher for DefaultDaemonConnection: socket connection from /127.0.0.1:62130 to /127.0.0.1:65483" [_thread_blocked, id=1064, stack(0x00000000742c0000,0x00000000743c0000)]
=>0x000000001d70b000 JavaThread "Daemon worker Thread 13" [_thread_in_Java, id=3780, stack(0x00000000741c0000,0x00000000742c0000)]
  0x000000001d709000 JavaThread "Cancel handler" [_thread_blocked, id=9268, stack(0x00000000740c0000,0x00000000741c0000)]
  0x000000001d70c000 JavaThread "Handler for socket connection from /127.0.0.1:62130 to /127.0.0.1:65483" [_thread_in_native, id=12720, stack(0x0000000073fc0000,0x00000000740c0000)]
  0x000000001d707800 JavaThread "Daemon Thread 13" [_thread_blocked, id=6784, stack(0x0000000073ec0000,0x0000000073fc0000)]
  0x000000001d708000 JavaThread "Java2D Disposer" daemon [_thread_blocked, id=676, stack(0x000000003d6a0000,0x000000003d7a0000)]
  0x0000000022a3f800 JavaThread "pool-86-thread-1" [_thread_blocked, id=9532, stack(0x000000003afa0000,0x000000003b0a0000)]
  0x000000001e239800 JavaThread "Memory manager" [_thread_blocked, id=13084, stack(0x0000000020930000,0x0000000020a30000)]
  0x000000001d70a800 JavaThread "pool-1-thread-1" [_thread_blocked, id=11916, stack(0x0000000020630000,0x0000000020730000)]
  0x0000000019190800 JavaThread "File lock request listener" [_thread_in_native, id=18116, stack(0x000000001ad20000,0x000000001ae20000)]
  0x0000000018376800 JavaThread "Cache worker for file hash cache (C:\Users\Admin\.gradle\caches\4.4\fileHashes)" [_thread_blocked, id=10060, stack(0x000000001ac20000,0x000000001ad20000)]
  0x0000000018520800 JavaThread "Daemon periodic checks" [_thread_blocked, id=17432, stack(0x000000001a120000,0x000000001a220000)]
  0x0000000017c90800 JavaThread "Incoming local TCP Connector on port 62130" [_thread_in_native, id=17600, stack(0x0000000019ee0000,0x0000000019fe0000)]
  0x0000000017af0800 JavaThread "Service Thread" daemon [_thread_blocked, id=9332, stack(0x0000000017fd0000,0x00000000180d0000)]
  0x0000000017ad1000 JavaThread "C1 CompilerThread2" daemon [_thread_blocked, id=18140, stack(0x0000000017ed0000,0x0000000017fd0000)]
  0x000000001627d800 JavaThread "C2 CompilerThread1" daemon [_thread_blocked, id=13396, stack(0x00000000179d0000,0x0000000017ad0000)]
  0x0000000016287800 JavaThread "C2 CompilerThread0" daemon [_thread_blocked, id=10872, stack(0x00000000178d0000,0x00000000179d0000)]
  0x0000000016286000 JavaThread "Attach Listener" daemon [_thread_blocked, id=8352, stack(0x00000000177d0000,0x00000000178d0000)]
  0x0000000016285000 JavaThread "Signal Dispatcher" daemon [_thread_blocked, id=12896, stack(0x00000000176d0000,0x00000000177d0000)]
  0x00000000028ec800 JavaThread "Finalizer" daemon [_thread_blocked, id=18296, stack(0x00000000174e0000,0x00000000175e0000)]
  0x00000000028e1800 JavaThread "Reference Handler" daemon [_thread_blocked, id=14644, stack(0x00000000173e0000,0x00000000174e0000)]
  0x00000000025ae800 JavaThread "main" [_thread_blocked, id=9880, stack(0x00000000026f0000,0x00000000027f0000)]

Other Threads:
  0x0000000016245000 VMThread [stack: 0x00000000172e0000,0x00000000173e0000] [id=12868]
  0x0000000017af1000 WatcherThread [stack: 0x00000000180d0000,0x00000000181d0000] [id=13636]

VM state:not at safepoint (normal execution)

VM Mutex/Monitor currently owned by a thread: None

Heap:
 PSYoungGen      total 388608K, used 249283K [0x00000000e0000000, 0x00000000fbc00000, 0x0000000100000000)
  eden space 377856K, 63% used [0x00000000e0000000,0x00000000ee90aa28,0x00000000f7100000)
  from space 10752K, 99% used [0x00000000f8b00000,0x00000000f95661d8,0x00000000f9580000)
  to   space 27136K, 0% used [0x00000000fa180000,0x00000000fa180000,0x00000000fbc00000)
 ParOldGen       total 190464K, used 123068K [0x00000000a0000000, 0x00000000aba00000, 0x00000000e0000000)
  object space 190464K, 64% used [0x00000000a0000000,0x00000000a782f128,0x00000000aba00000)
 Metaspace       used 124612K, capacity 134384K, committed 134604K, reserved 1167360K
  class space    used 15568K, capacity 17290K, committed 17408K, reserved 1048576K

Card table byte_map: [0x0000000011cb0000,0x0000000011fc0000] byte_map_base: 0x00000000117b0000

Marking Bits: (ParMarkBitMap*) 0x000000005c044970
 Begin Bits: [0x00000000125c0000, 0x0000000013dc0000)
 End Bits:   [0x0000000013dc0000, 0x00000000155c0000)

Polling page: 0x0000000000900000

CodeCache: size=245760Kb used=96436Kb max_used=96452Kb free=149323Kb
 bounds [0x00000000028f0000, 0x00000000087b0000, 0x00000000118f0000]
 total_blobs=27482 nmethods=26504 adapters=888
 compilation: enabled

Compilation events (10 events):
Event: 11083.913 Thread 0x000000001627d800 nmethod 34577 0x0000000008792c10 code [0x0000000008792de0, 0x0000000008793970]
Event: 11083.914 Thread 0x0000000017ad1000 34580       3       com.google.common.collect.ImmutableList::of (16 bytes)
Event: 11083.915 Thread 0x0000000017ad1000 nmethod 34580 0x0000000008790450 code [0x0000000008790600, 0x0000000008790cd8]
Event: 11083.918 Thread 0x0000000016287800 34581       4       org.gradle.api.specs.CompositeSpec::<init> (37 bytes)
Event: 11083.922 Thread 0x0000000016287800 nmethod 34581 0x0000000008790010 code [0x0000000008790160, 0x00000000087902d8]
Event: 11083.933 Thread 0x000000001627d800 34584       4       com.google.common.collect.ImmutableMap::entryOf (15 bytes)
Event: 11083.936 Thread 0x000000001627d800 nmethod 34584 0x0000000002cd2210 code [0x0000000002cd2360, 0x0000000002cd2478]
Event: 11083.936 Thread 0x0000000017ad1000 34582       3       com.android.build.gradle.internal.pipeline.StreamBasedTask::registerConsumedAndReferencedStreamInputs (150 bytes)
Event: 11083.942 Thread 0x0000000017ad1000 nmethod 34582 0x00000000087a7650 code [0x00000000087a7bc0, 0x00000000087ab228]
Event: 11083.943 Thread 0x0000000016287800 34585       4       org.gradle.model.internal.core.AbstractModelAction::<init> (58 bytes)

GC Heap History (10 events):
Event: 3246.310 GC heap before
{Heap before GC invocations=45 (full 4):
 PSYoungGen      total 489984K, used 468791K [0x00000000e0000000, 0x00000000ffc00000, 0x0000000100000000)
  eden space 460288K, 99% used [0x00000000e0000000,0x00000000fc0bf940,0x00000000fc180000)
  from space 29696K, 31% used [0x00000000fdd80000,0x00000000fe68e440,0x00000000ffa80000)
  to   space 28672K, 0% used [0x00000000fc180000,0x00000000fc180000,0x00000000fdd80000)
 ParOldGen       total 190464K, used 123036K [0x00000000a0000000, 0x00000000aba00000, 0x00000000e0000000)
  object space 190464K, 64% used [0x00000000a0000000,0x00000000a7827128,0x00000000aba00000)
 Metaspace       used 124113K, capacity 133766K, committed 133964K, reserved 1165312K
  class space    used 15521K, capacity 17230K, committed 17280K, reserved 1048576K
Event: 3246.327 GC heap after
Heap after GC invocations=45 (full 4):
 PSYoungGen      total 461824K, used 19039K [0x00000000e0000000, 0x00000000fea00000, 0x0000000100000000)
  eden space 442368K, 0% used [0x00000000e0000000,0x00000000e0000000,0x00000000fb000000)
  from space 19456K, 97% used [0x00000000fc180000,0x00000000fd417dd0,0x00000000fd480000)
  to   space 22016K, 0% used [0x00000000fd480000,0x00000000fd480000,0x00000000fea00000)
 ParOldGen       total 190464K, used 123044K [0x00000000a0000000, 0x00000000aba00000, 0x00000000e0000000)
  object space 190464K, 64% used [0x00000000a0000000,0x00000000a7829128,0x00000000aba00000)
 Metaspace       used 124113K, capacity 133766K, committed 133964K, reserved 1165312K
  class space    used 15521K, capacity 17230K, committed 17280K, reserved 1048576K
}
Event: 3353.966 GC heap before
{Heap before GC invocations=46 (full 4):
 PSYoungGen      total 461824K, used 460519K [0x00000000e0000000, 0x00000000fea00000, 0x0000000100000000)
  eden space 442368K, 99% used [0x00000000e0000000,0x00000000faf22088,0x00000000fb000000)
  from space 19456K, 97% used [0x00000000fc180000,0x00000000fd417dd0,0x00000000fd480000)
  to   space 22016K, 0% used [0x00000000fd480000,0x00000000fd480000,0x00000000fea00000)
 ParOldGen       total 190464K, used 123044K [0x00000000a0000000, 0x00000000aba00000, 0x00000000e0000000)
  object space 190464K, 64% used [0x00000000a0000000,0x00000000a7829128,0x00000000aba00000)
 Metaspace       used 124243K, capacity 133886K, committed 133964K, reserved 1165312K
  class space    used 15533K, capacity 17250K, committed 17280K, reserved 1048576K
Event: 3353.980 GC heap after
Heap after GC invocations=46 (full 4):
 PSYoungGen      total 441344K, used 16181K [0x00000000e0000000, 0x00000000fe480000, 0x0000000100000000)
  eden space 424960K, 0% used [0x00000000e0000000,0x00000000e0000000,0x00000000f9f00000)
  from space 16384K, 98% used [0x00000000fd480000,0x00000000fe44d708,0x00000000fe480000)
  to   space 29184K, 0% used [0x00000000fab80000,0x00000000fab80000,0x00000000fc800000)
 ParOldGen       total 190464K, used 123052K [0x00000000a0000000, 0x00000000aba00000, 0x00000000e0000000)
  object space 190464K, 64% used [0x00000000a0000000,0x00000000a782b128,0x00000000aba00000)
 Metaspace       used 124243K, capacity 133886K, committed 133964K, reserved 1165312K
  class space    used 15533K, capacity 17250K, committed 17280K, reserved 1048576K
}
Event: 3426.494 GC heap before
{Heap before GC invocations=47 (full 4):
 PSYoungGen      total 441344K, used 441141K [0x00000000e0000000, 0x00000000fe480000, 0x0000000100000000)
  eden space 424960K, 100% used [0x00000000e0000000,0x00000000f9f00000,0x00000000f9f00000)
  from space 16384K, 98% used [0x00000000fd480000,0x00000000fe44d708,0x00000000fe480000)
  to   space 29184K, 0% used [0x00000000fab80000,0x00000000fab80000,0x00000000fc800000)
 ParOldGen       total 190464K, used 123052K [0x00000000a0000000, 0x00000000aba00000, 0x00000000e0000000)
  object space 190464K, 64% used [0x00000000a0000000,0x00000000a782b128,0x00000000aba00000)
 Metaspace       used 124524K, capacity 134312K, committed 134604K, reserved 1167360K
  class space    used 15567K, capacity 17290K, committed 17408K, reserved 1048576K
Event: 3426.520 GC heap after
Heap after GC invocations=47 (full 4):
 PSYoungGen      total 424960K, used 15927K [0x00000000e0000000, 0x00000000fd500000, 0x0000000100000000)
  eden space 408576K, 0% used [0x00000000e0000000,0x00000000e0000000,0x00000000f8f00000)
  from space 16384K, 97% used [0x00000000fab80000,0x00000000fbb0dd28,0x00000000fbb80000)
  to   space 26112K, 0% used [0x00000000fbb80000,0x00000000fbb80000,0x00000000fd500000)
 ParOldGen       total 190464K, used 123060K [0x00000000a0000000, 0x00000000aba00000, 0x00000000e0000000)
  object space 190464K, 64% used [0x00000000a0000000,0x00000000a782d128,0x00000000aba00000)
 Metaspace       used 124524K, capacity 134312K, committed 134604K, reserved 1167360K
  class space    used 15567K, capacity 17290K, committed 17408K, reserved 1048576K
}
Event: 3428.132 GC heap before
{Heap before GC invocations=48 (full 4):
 PSYoungGen      total 424960K, used 424312K [0x00000000e0000000, 0x00000000fd500000, 0x0000000100000000)
  eden space 408576K, 99% used [0x00000000e0000000,0x00000000f8ed0420,0x00000000f8f00000)
  from space 16384K, 97% used [0x00000000fab80000,0x00000000fbb0dd28,0x00000000fbb80000)
  to   space 26112K, 0% used [0x00000000fbb80000,0x00000000fbb80000,0x00000000fd500000)
 ParOldGen       total 190464K, used 123060K [0x00000000a0000000, 0x00000000aba00000, 0x00000000e0000000)
  object space 190464K, 64% used [0x00000000a0000000,0x00000000a782d128,0x00000000aba00000)
 Metaspace       used 124550K, capacity 134312K, committed 134604K, reserved 1167360K
  class space    used 15568K, capacity 17290K, committed 17408K, reserved 1048576K
Event: 3428.148 GC heap after
Heap after GC invocations=48 (full 4):
 PSYoungGen      total 399360K, used 6640K [0x00000000e0000000, 0x00000000fc200000, 0x0000000100000000)
  eden space 392704K, 0% used [0x00000000e0000000,0x00000000e0000000,0x00000000f7f80000)
  from space 6656K, 99% used [0x00000000fbb80000,0x00000000fc1fc0b0,0x00000000fc200000)
  to   space 28160K, 0% used [0x00000000f8b00000,0x00000000f8b00000,0x00000000fa680000)
 ParOldGen       total 190464K, used 123060K [0x00000000a0000000, 0x00000000aba00000, 0x00000000e0000000)
  object space 190464K, 64% used [0x00000000a0000000,0x00000000a782d128,0x00000000aba00000)
 Metaspace       used 124550K, capacity 134312K, committed 134604K, reserved 1167360K
  class space    used 15568K, capacity 17290K, committed 17408K, reserved 1048576K
}
Event: 3432.453 GC heap before
{Heap before GC invocations=49 (full 4):
 PSYoungGen      total 399360K, used 397639K [0x00000000e0000000, 0x00000000fc200000, 0x0000000100000000)
  eden space 392704K, 99% used [0x00000000e0000000,0x00000000f7dd5d88,0x00000000f7f80000)
  from space 6656K, 99% used [0x00000000fbb80000,0x00000000fc1fc0b0,0x00000000fc200000)
  to   space 28160K, 0% used [0x00000000f8b00000,0x00000000f8b00000,0x00000000fa680000)
 ParOldGen       total 190464K, used 123060K [0x00000000a0000000, 0x00000000aba00000, 0x00000000e0000000)
  object space 190464K, 64% used [0x00000000a0000000,0x00000000a782d128,0x00000000aba00000)
 Metaspace       used 124563K, capacity 134316K, committed 134604K, reserved 1167360K
  class space    used 15568K, capacity 17290K, committed 17408K, reserved 1048576K
Event: 3432.464 GC heap after
Heap after GC invocations=49 (full 4):
 PSYoungGen      total 388608K, used 10648K [0x00000000e0000000, 0x00000000fbc00000, 0x0000000100000000)
  eden space 377856K, 0% used [0x00000000e0000000,0x00000000e0000000,0x00000000f7100000)
  from space 10752K, 99% used [0x00000000f8b00000,0x00000000f95661d8,0x00000000f9580000)
  to   space 27136K, 0% used [0x00000000fa180000,0x00000000fa180000,0x00000000fbc00000)
 ParOldGen       total 190464K, used 123068K [0x00000000a0000000, 0x00000000aba00000, 0x00000000e0000000)
  object space 190464K, 64% used [0x00000000a0000000,0x00000000a782f128,0x00000000aba00000)
 Metaspace       used 124563K, capacity 134316K, committed 134604K, reserved 1167360K
  class space    used 15568K, capacity 17290K, committed 17408K, reserved 1048576K
}

Deoptimization events (10 events):
Event: 3431.419 Thread 0x000000001e241800 Uncommon trap: reason=unstable_if action=reinterpret pc=0x00000000083294b0 method=com.android.tools.r8.dex.FileWriter$MixedSectionOffsets.getOffsetFor(Lcom/android/tools/r8/graph/DexAnnotationSet;)I @ 17
Event: 3431.816 Thread 0x000000001b37b800 Uncommon trap: reason=unstable_if action=reinterpret pc=0x0000000002a6558c method=java.util.concurrent.locks.ReentrantLock$Sync.nonfairTryAcquire(I)Z @ 19
Event: 3431.873 Thread 0x000000001bf5c000 Uncommon trap: reason=class_check action=maybe_recompile pc=0x0000000005a81a1c method=java.util.stream.MatchOps$MatchOp.evaluateSequential(Ljava/util/stream/PipelineHelper;Ljava/util/Spliterator;)Ljava/lang/Boolean; @ 14
Event: 3431.873 Thread 0x000000001bf5c000 Uncommon trap: reason=bimorphic action=maybe_recompile pc=0x000000000705be38 method=java.util.Spliterators$ArraySpliterator.tryAdvance(Ljava/util/function/Consumer;)Z @ 49
Event: 3432.524 Thread 0x000000001bf5c000 Uncommon trap: reason=unstable_if action=reinterpret pc=0x000000000845b084 method=com.android.apkzlib.zip.FileUseMap.locateFree(JJJLcom/android/apkzlib/zip/FileUseMap$PositionAlgorithm;)J @ 252
Event: 3432.610 Thread 0x000000001bf5c000 Uncommon trap: reason=class_check action=maybe_recompile pc=0x0000000004bd6d00 method=java.util.Collections$SetFromMap.size()I @ 4
Event: 3435.102 Thread 0x000000001bf5c000 Uncommon trap: reason=class_check action=maybe_recompile pc=0x0000000004bd6d00 method=java.util.Collections$SetFromMap.size()I @ 4
Event: 8206.121 Thread 0x0000000018520800 Uncommon trap: reason=unstable_if action=reinterpret pc=0x0000000007735f80 method=java.text.DecimalFormat.format(JLjava/lang/StringBuffer;Ljava/text/Format$FieldDelegate;)Ljava/lang/StringBuffer; @ 136
Event: 8206.121 Thread 0x0000000018520800 Uncommon trap: reason=unstable_if action=reinterpret pc=0x0000000006b5cd88 method=java.text.DigitList.set(ZJI)V @ 8
Event: 8206.122 Thread 0x0000000018520800 Uncommon trap: reason=unstable_if action=reinterpret pc=0x0000000007751140 method=java.text.DigitList.isZero()Z @ 7

Classes redefined (0 events):
No events

Internal exceptions (10 events):
Event: 3431.440 Thread 0x000000001d707800 Exception <a 'sun/nio/fs/WindowsException'> (0x00000000f2a89f38) thrown at [D:\src\AOSP-openjdk-cygwin\jdk8u\hotspot\src\share\vm\prims\jni.cpp, line 709]
Event: 3431.443 Thread 0x000000001d70d800 Exception <a 'sun/nio/fs/WindowsException'> (0x00000000f2b14950) thrown at [D:\src\AOSP-openjdk-cygwin\jdk8u\hotspot\src\share\vm\prims\jni.cpp, line 709]
Event: 3431.801 Thread 0x000000001b37b800 Exception <a 'sun/nio/fs/WindowsException'> (0x00000000f7532e40) thrown at [D:\src\AOSP-openjdk-cygwin\jdk8u\hotspot\src\share\vm\prims\jni.cpp, line 709]
Event: 3596.738 Thread 0x0000000022a3f800 Exception <a 'sun/nio/fs/WindowsException'> (0x00000000e99cd4d0) thrown at [D:\src\AOSP-openjdk-cygwin\jdk8u\hotspot\src\share\vm\prims\jni.cpp, line 709]
Event: 3700.047 Thread 0x0000000022a3f800 Exception <a 'sun/nio/fs/WindowsException'> (0x00000000e9d1bff8) thrown at [D:\src\AOSP-openjdk-cygwin\jdk8u\hotspot\src\share\vm\prims\jni.cpp, line 709]
Event: 3763.682 Thread 0x0000000022a3f800 Exception <a 'sun/nio/fs/WindowsException'> (0x00000000e9dee610) thrown at [D:\src\AOSP-openjdk-cygwin\jdk8u\hotspot\src\share\vm\prims\jni.cpp, line 709]
Event: 3843.710 Thread 0x0000000022a3f800 Exception <a 'sun/nio/fs/WindowsException'> (0x00000000e9f0d0a8) thrown at [D:\src\AOSP-openjdk-cygwin\jdk8u\hotspot\src\share\vm\prims\jni.cpp, line 709]
Event: 3950.557 Thread 0x0000000022a3f800 Exception <a 'sun/nio/fs/WindowsException'> (0x00000000e9fe7e28) thrown at [D:\src\AOSP-openjdk-cygwin\jdk8u\hotspot\src\share\vm\prims\jni.cpp, line 709]
Event: 4017.454 Thread 0x0000000022a3f800 Exception <a 'sun/nio/fs/WindowsException'> (0x00000000ea074918) thrown at [D:\src\AOSP-openjdk-cygwin\jdk8u\hotspot\src\share\vm\prims\jni.cpp, line 709]
Event: 11083.665 Thread 0x000000001d70b000 Exception <a 'sun/nio/fs/WindowsException'> (0x00000000ee20a410) thrown at [D:\src\AOSP-openjdk-cygwin\jdk8u\hotspot\src\share\vm\prims\jni.cpp, line 709]

Events (10 events):
Event: 11083.835 Executing VM operation: RevokeBias
Event: 11083.836 Executing VM operation: RevokeBias done
Event: 11083.836 Executing VM operation: RevokeBias
Event: 11083.836 Executing VM operation: RevokeBias done
Event: 11083.836 Executing VM operation: BulkRevokeBias
Event: 11083.836 Executing VM operation: BulkRevokeBias done
Event: 11083.900 Thread 0x0000000017ad1000 flushing nmethod 0x0000000002b1fd90
Event: 11083.910 Thread 0x0000000017ad1000 flushing nmethod 0x0000000002cd1f90
Event: 11083.915 Thread 0x0000000017ad1000 flushing nmethod 0x0000000002d4e450
Event: 11083.945 Thread 0x0000000017ad1000 flushing nmethod 0x00000000032bbd10


Dynamic libraries:
0x00007ff6bde30000 - 0x00007ff6bde61000 	C:\Program Files\Android\Android Studio\jre\bin\java.exe
0x00007ff92bb60000 - 0x00007ff92bd41000 	C:\Windows\SYSTEM32\ntdll.dll
0x00007ff92a530000 - 0x00007ff92a5e2000 	C:\Windows\System32\KERNEL32.DLL
0x00007ff928660000 - 0x00007ff9288d3000 	C:\Windows\System32\KERNELBASE.dll
0x00007ff92b4a0000 - 0x00007ff92b541000 	C:\Windows\System32\ADVAPI32.dll
0x00007ff92a800000 - 0x00007ff92a89e000 	C:\Windows\System32\msvcrt.dll
0x00007ff92a5f0000 - 0x00007ff92a64b000 	C:\Windows\System32\sechost.dll
0x00007ff92aeb0000 - 0x00007ff92afd4000 	C:\Windows\System32\RPCRT4.dll
0x00007ff92a670000 - 0x00007ff92a800000 	C:\Windows\System32\USER32.dll
0x00007ff928640000 - 0x00007ff928660000 	C:\Windows\System32\win32u.dll
0x00007ff9290c0000 - 0x00007ff9290e8000 	C:\Windows\System32\GDI32.dll
0x00007ff928400000 - 0x00007ff928592000 	C:\Windows\System32\gdi32full.dll
0x00007ff9285a0000 - 0x00007ff92863f000 	C:\Windows\System32\msvcp_win.dll
0x00007ff928300000 - 0x00007ff9283fa000 	C:\Windows\System32\ucrtbase.dll
0x00007ff919ea0000 - 0x00007ff91a109000 	C:\Windows\WinSxS\amd64_microsoft.windows.common-controls_6595b64144ccf1df_6.0.17134.345_none_fb429a5930656358\COMCTL32.dll
0x00007ff92b780000 - 0x00007ff92baa3000 	C:\Windows\System32\combase.dll
0x00007ff928090000 - 0x00007ff92810a000 	C:\Windows\System32\bcryptPrimitives.dll
0x00007ff92b5b0000 - 0x00007ff92b5dd000 	C:\Windows\System32\IMM32.DLL
0x0000000058800000 - 0x00000000588d2000 	C:\Program Files\Android\Android Studio\jre\jre\bin\msvcr100.dll
0x000000005b880000 - 0x000000005c0bf000 	C:\Program Files\Android\Android Studio\jre\jre\bin\server\jvm.dll
0x00007ff92aea0000 - 0x00007ff92aea8000 	C:\Windows\System32\PSAPI.DLL
0x00007ff924d90000 - 0x00007ff924d99000 	C:\Windows\SYSTEM32\WSOCK32.dll
0x00007ff92bac0000 - 0x00007ff92bb2c000 	C:\Windows\System32\WS2_32.dll
0x00007ff921520000 - 0x00007ff92152a000 	C:\Windows\SYSTEM32\VERSION.dll
0x00007ff91f160000 - 0x00007ff91f183000 	C:\Windows\SYSTEM32\WINMM.dll
0x00007ff91f130000 - 0x00007ff91f15a000 	C:\Windows\SYSTEM32\WINMMBASE.dll
0x00007ff927fe0000 - 0x00007ff928029000 	C:\Windows\System32\cfgmgr32.dll
0x00007ff91eb90000 - 0x00007ff91eb9f000 	C:\Program Files\Android\Android Studio\jre\jre\bin\verify.dll
0x00007ff91e6c0000 - 0x00007ff91e6e9000 	C:\Program Files\Android\Android Studio\jre\jre\bin\java.dll
0x00007ff919c20000 - 0x00007ff919c36000 	C:\Program Files\Android\Android Studio\jre\jre\bin\zip.dll
0x00007ff9290f0000 - 0x00007ff92a52f000 	C:\Windows\System32\SHELL32.dll
0x00007ff92b3f0000 - 0x00007ff92b499000 	C:\Windows\System32\shcore.dll
0x00007ff9288e0000 - 0x00007ff928fed000 	C:\Windows\System32\windows.storage.dll
0x00007ff92a8a0000 - 0x00007ff92a8f1000 	C:\Windows\System32\shlwapi.dll
0x00007ff927ec0000 - 0x00007ff927ed1000 	C:\Windows\System32\kernel.appcore.dll
0x00007ff927e80000 - 0x00007ff927e9f000 	C:\Windows\System32\profapi.dll
0x00007ff927ee0000 - 0x00007ff927f2c000 	C:\Windows\System32\powrprof.dll
0x00007ff927e70000 - 0x00007ff927e7a000 	C:\Windows\System32\FLTLIB.DLL
0x00007ff909d40000 - 0x00007ff909d5a000 	C:\Program Files\Android\Android Studio\jre\jre\bin\net.dll
0x00007ff9276f0000 - 0x00007ff927756000 	C:\Windows\system32\mswsock.dll
0x00007ff909d20000 - 0x00007ff909d31000 	C:\Program Files\Android\Android Studio\jre\jre\bin\nio.dll
0x00007ff91e300000 - 0x00007ff91e31e000 	C:\Users\Admin\.gradle\native\25\windows-amd64\native-platform.dll
0x00007ff91d580000 - 0x00007ff91d58d000 	C:\Program Files\Android\Android Studio\jre\jre\bin\management.dll
0x00007ff9278a0000 - 0x00007ff9278b7000 	C:\Windows\SYSTEM32\CRYPTSP.dll
0x00007ff9272d0000 - 0x00007ff927303000 	C:\Windows\system32\rsaenh.dll
0x00007ff9279d0000 - 0x00007ff9279f5000 	C:\Windows\SYSTEM32\bcrypt.dll
0x00007ff927d70000 - 0x00007ff927d98000 	C:\Windows\SYSTEM32\USERENV.dll
0x00007ff9278c0000 - 0x00007ff9278cb000 	C:\Windows\SYSTEM32\CRYPTBASE.dll
0x00007ff927470000 - 0x00007ff9274a8000 	C:\Windows\SYSTEM32\IPHLPAPI.DLL
0x00007ff92bab0000 - 0x00007ff92bab8000 	C:\Windows\System32\NSI.dll
0x00007ff9212a0000 - 0x00007ff9212b6000 	C:\Windows\SYSTEM32\dhcpcsvc6.DLL
0x00007ff921240000 - 0x00007ff92125a000 	C:\Windows\SYSTEM32\dhcpcsvc.DLL
0x00007ff927070000 - 0x00007ff9270a1000 	C:\Windows\SYSTEM32\ntmarta.dll
0x00007ff900860000 - 0x00007ff9009f6000 	C:\Program Files\Android\Android Studio\jre\jre\bin\awt.dll
0x00007ff928ff0000 - 0x00007ff9290b2000 	C:\Windows\System32\OLEAUT32.dll
0x00007ff925540000 - 0x00007ff925b07000 	C:\Windows\SYSTEM32\d2d1.dll
0x00007ff9261f0000 - 0x00007ff92627b000 	C:\Windows\SYSTEM32\apphelp.dll
0x00007ff926600000 - 0x00007ff926629000 	C:\Windows\system32\DWMAPI.DLL
0x00007ff926320000 - 0x00007ff9263b8000 	C:\Windows\system32\uxtheme.dll
0x00007ff90e610000 - 0x00007ff90e7d9000 	C:\Windows\SYSTEM32\dbghelp.dll

VM Arguments:
jvm_args: -Xmx1536m -Dfile.encoding=windows-1252 -Duser.country=US -Duser.language=en -Duser.variant 
java_command: org.gradle.launcher.daemon.bootstrap.GradleDaemon 4.4
java_class_path (initial): C:\Users\Admin\.gradle\wrapper\dists\gradle-4.4-all\9br9xq1tocpiv8o6njlyu5op1\gradle-4.4\lib\gradle-launcher-4.4.jar
Launcher Type: SUN_STANDARD

Environment Variables:
JAVA_HOME=C:\Program Files\Java\jdk1.8.0_111
PATH=C:\Program Files (x86)\Common Files\Oracle\Java\javapath;C:\Program Files\Java\jdk1.8.0_111\bin;C:\ProgramData\Oracle\Java\javapath;C:\Program Files (x86)\Razer Chroma SDK\bin;C:\Program Files\Razer Chroma SDK\bin;C:\Windows\system32;C:\Windows;C:\Windows\System32\Wbem;C:\Windows\System32\WindowsPowerShell\v1.0\;C:\Windows\System32\OpenSSH\;C:\Program Files (x86)\NVIDIA Corporation\PhysX\Common;C:\Windows\system32\config\systemprofile\AppData\Local\Microsoft\WindowsApps;C:\Program Files\Microsoft SQL Server\Client SDK\ODBC\110\Tools\Binn\;C:\Program Files (x86)\Microsoft SQL Server\120\Tools\Binn\;C:\Program Files\Microsoft SQL Server\120\Tools\Binn\;C:\Program Files\Microsoft SQL Server\120\DTS\Binn\;C:\Program Files (x86)\Microsoft SQL Server\120\Tools\Binn\ManagementStudio\;C:\Program Files (x86)\Microsoft SQL Server\120\DTS\Binn\;C:\Program Files\dotnet\;C:\Program Files\Microsoft SQL Server\130\Tools\Binn\;C:\Program Files\TortoiseGit\bin;C:\Program Files\Git\cmd;C:\Program Files\apache-maven-3.5.4\bin;C:\Users\Admin\AppData\Local\Microsoft\WindowsApps;C:\Users\Admin\AppData\Local\GitHubDesktop\bin;C:\Program Files\heroku\bin
USERNAME=Admin
OS=Windows_NT
PROCESSOR_IDENTIFIER=Intel64 Family 6 Model 60 Stepping 3, GenuineIntel



---------------  S Y S T E M  ---------------

OS: Windows 10.0 , 64 bit Build 17134 (10.0.17134.1)

CPU:total 4 (initial active 4) (2 cores per cpu, 2 threads per core) family 6 model 60 stepping 3, cmov, cx8, fxsr, mmx, sse, sse2, sse3, ssse3, sse4.1, sse4.2, popcnt, avx, avx2, aes, clmul, erms, lzcnt, ht, tsc, tscinvbit, bmi1, bmi2

Memory: 4k page, physical 8274936k(2159496k free), swap 11289592k(1544764k free)

vm_info: OpenJDK 64-Bit Server VM (25.152-b02) for windows-amd64 JRE (1.8.0_152-release-1024-b02), built by "builder" with MS VC++ 10.0 (VS2010)

time: Thu Oct 25 10:39:16 2018
elapsed time: 11083 seconds (0d 3h 4m 43s)

